<?xml version="1.0" encoding="UTF-8"?>
<robot generator="Robot 3.2.2 (Python 3.9.1 on win32)" generated="20210305 11:39:36.748" rpa="false">
<suite id="s1" name="Tests" source="C:\Users\halip\PycharmProjects\SeleniumLabb2\Tests">
<suite id="s1-s1" name="infotivTest" source="C:\Users\halip\PycharmProjects\SeleniumLabb2\Tests\infotivTest.robot">
<kw name="Begin web test" library="keywords" type="setup">
<kw name="Open Browser" library="SeleniumLibrary">
<doc>Opens a new browser instance to the optional ``url``.</doc>
<arguments>
<arg>about:blank</arg>
<arg>${BROWSER}</arg>
</arguments>
<msg timestamp="20210305 11:39:37.103" level="INFO">Opening browser 'chrome' to base url 'about:blank'.</msg>
<status status="PASS" starttime="20210305 11:39:37.102" endtime="20210305 11:39:38.194"></status>
</kw>
<status status="PASS" starttime="20210305 11:39:37.102" endtime="20210305 11:39:38.194"></status>
</kw>
<test id="s1-s1-t1" name="User can access car rental website">
<kw name="Go to web page" library="keywords">
<kw name="Load page" library="keywords">
<kw name="Go To" library="SeleniumLibrary">
<doc>Navigates the current browser window to the provided ``url``.</doc>
<arguments>
<arg>${URL}</arg>
</arguments>
<msg timestamp="20210305 11:39:38.196" level="INFO">Opening url 'http://rental11.infotiv.net/'</msg>
<status status="PASS" starttime="20210305 11:39:38.196" endtime="20210305 11:39:39.412"></status>
</kw>
<status status="PASS" starttime="20210305 11:39:38.196" endtime="20210305 11:39:39.412"></status>
</kw>
<kw name="Verify page loaded" library="keywords">
<kw name="Get Title" library="SeleniumLibrary">
<doc>Returns the title of the current page.</doc>
<assign>
<var>${LINK_TEXT}</var>
</assign>
<msg timestamp="20210305 11:39:39.419" level="INFO">${LINK_TEXT} = Infotiv Car Rental</msg>
<status status="PASS" starttime="20210305 11:39:39.413" endtime="20210305 11:39:39.420"></status>
</kw>
<kw name="Should Be Equal" library="BuiltIn">
<doc>Fails if the given objects are unequal.</doc>
<arguments>
<arg>${LINK_TEXT}</arg>
<arg>Infotiv Car Rental</arg>
</arguments>
<status status="PASS" starttime="20210305 11:39:39.420" endtime="20210305 11:39:39.420"></status>
</kw>
<status status="PASS" starttime="20210305 11:39:39.412" endtime="20210305 11:39:39.421"></status>
</kw>
<status status="PASS" starttime="20210305 11:39:38.195" endtime="20210305 11:39:39.421"></status>
</kw>
<doc>Infotiv Car Rental Access</doc>
<tags>
<tag>Test 1</tag>
</tags>
<status status="PASS" starttime="20210305 11:39:38.195" endtime="20210305 11:39:39.422" critical="yes"></status>
</test>
<test id="s1-s1-t2" name="User can insert date for rental">
<kw name="Go to web page" library="keywords">
<kw name="Load page" library="keywords">
<kw name="Go To" library="SeleniumLibrary">
<doc>Navigates the current browser window to the provided ``url``.</doc>
<arguments>
<arg>${URL}</arg>
</arguments>
<msg timestamp="20210305 11:39:39.425" level="INFO">Opening url 'http://rental11.infotiv.net/'</msg>
<status status="PASS" starttime="20210305 11:39:39.424" endtime="20210305 11:39:39.662"></status>
</kw>
<status status="PASS" starttime="20210305 11:39:39.424" endtime="20210305 11:39:39.662"></status>
</kw>
<kw name="Verify page loaded" library="keywords">
<kw name="Get Title" library="SeleniumLibrary">
<doc>Returns the title of the current page.</doc>
<assign>
<var>${LINK_TEXT}</var>
</assign>
<msg timestamp="20210305 11:39:39.669" level="INFO">${LINK_TEXT} = Infotiv Car Rental</msg>
<status status="PASS" starttime="20210305 11:39:39.663" endtime="20210305 11:39:39.669"></status>
</kw>
<kw name="Should Be Equal" library="BuiltIn">
<doc>Fails if the given objects are unequal.</doc>
<arguments>
<arg>${LINK_TEXT}</arg>
<arg>Infotiv Car Rental</arg>
</arguments>
<status status="PASS" starttime="20210305 11:39:39.669" endtime="20210305 11:39:39.669"></status>
</kw>
<status status="PASS" starttime="20210305 11:39:39.663" endtime="20210305 11:39:39.669"></status>
</kw>
<status status="PASS" starttime="20210305 11:39:39.424" endtime="20210305 11:39:39.669"></status>
</kw>
<kw name="Search for car" library="keywords">
<kw name="Insert date" library="keywords">
<kw name="Input Text" library="SeleniumLibrary">
<doc>Types the given ``text`` into the text field identified by ``locator``.</doc>
<arguments>
<arg>id:start</arg>
<arg>value="03-06"</arg>
</arguments>
<msg timestamp="20210305 11:39:39.671" level="INFO">Typing text 'value="03-06"' into text field 'id:start'.</msg>
<status status="PASS" starttime="20210305 11:39:39.670" endtime="20210305 11:39:39.774"></status>
</kw>
<kw name="Input Text" library="SeleniumLibrary">
<doc>Types the given ``text`` into the text field identified by ``locator``.</doc>
<arguments>
<arg>id:end</arg>
<arg>value="03-10"</arg>
</arguments>
<msg timestamp="20210305 11:39:39.775" level="INFO">Typing text 'value="03-10"' into text field 'id:end'.</msg>
<status status="PASS" starttime="20210305 11:39:39.775" endtime="20210305 11:39:39.861"></status>
</kw>
<status status="PASS" starttime="20210305 11:39:39.670" endtime="20210305 11:39:39.861"></status>
</kw>
<kw name="Submit search" library="keywords">
<kw name="Press Keys" library="SeleniumLibrary">
<doc>Simulates the user pressing key(s) to an element or on the active browser.</doc>
<arguments>
<arg>xpath://*[@id="continue"]</arg>
<arg>RETURN</arg>
</arguments>
<msg timestamp="20210305 11:39:39.862" level="INFO">Sending key(s) ('RETURN',) to xpath://*[@id="continue"] element.</msg>
<msg timestamp="20210305 11:39:40.688" level="INFO">Pressing special key RETURN to element.</msg>
<msg timestamp="20210305 11:39:40.688" level="INFO">Releasing special key RETURN.</msg>
<status status="PASS" starttime="20210305 11:39:39.862" endtime="20210305 11:39:40.692"></status>
</kw>
<status status="PASS" starttime="20210305 11:39:39.862" endtime="20210305 11:39:40.692"></status>
</kw>
<kw name="Confirm date search" library="keywords">
<kw name="Wait Until Page Contains" library="SeleniumLibrary">
<doc>Waits until ``text`` appears on the current page.</doc>
<arguments>
<arg>Selected trip dates: 2021-03-06 – 2021-03-10</arg>
</arguments>
<status status="PASS" starttime="20210305 11:39:40.693" endtime="20210305 11:39:40.704"></status>
</kw>
<status status="PASS" starttime="20210305 11:39:40.693" endtime="20210305 11:39:40.704"></status>
</kw>
<status status="PASS" starttime="20210305 11:39:39.670" endtime="20210305 11:39:40.704"></status>
</kw>
<doc>Infotiv Car Rental Dates Function</doc>
<tags>
<tag>Test 2</tag>
</tags>
<status status="PASS" starttime="20210305 11:39:39.423" endtime="20210305 11:39:40.704" critical="yes"></status>
</test>
<test id="s1-s1-t3" name="User can search for specific car">
<kw name="Go to web page" library="keywords">
<kw name="Load page" library="keywords">
<kw name="Go To" library="SeleniumLibrary">
<doc>Navigates the current browser window to the provided ``url``.</doc>
<arguments>
<arg>${URL}</arg>
</arguments>
<msg timestamp="20210305 11:39:40.707" level="INFO">Opening url 'http://rental11.infotiv.net/'</msg>
<status status="PASS" starttime="20210305 11:39:40.707" endtime="20210305 11:39:40.926"></status>
</kw>
<status status="PASS" starttime="20210305 11:39:40.706" endtime="20210305 11:39:40.927"></status>
</kw>
<kw name="Verify page loaded" library="keywords">
<kw name="Get Title" library="SeleniumLibrary">
<doc>Returns the title of the current page.</doc>
<assign>
<var>${LINK_TEXT}</var>
</assign>
<msg timestamp="20210305 11:39:40.934" level="INFO">${LINK_TEXT} = Infotiv Car Rental</msg>
<status status="PASS" starttime="20210305 11:39:40.928" endtime="20210305 11:39:40.934"></status>
</kw>
<kw name="Should Be Equal" library="BuiltIn">
<doc>Fails if the given objects are unequal.</doc>
<arguments>
<arg>${LINK_TEXT}</arg>
<arg>Infotiv Car Rental</arg>
</arguments>
<status status="PASS" starttime="20210305 11:39:40.934" endtime="20210305 11:39:40.935"></status>
</kw>
<status status="PASS" starttime="20210305 11:39:40.927" endtime="20210305 11:39:40.935"></status>
</kw>
<status status="PASS" starttime="20210305 11:39:40.706" endtime="20210305 11:39:40.935"></status>
</kw>
<kw name="Search for car" library="keywords">
<kw name="Insert date" library="keywords">
<kw name="Input Text" library="SeleniumLibrary">
<doc>Types the given ``text`` into the text field identified by ``locator``.</doc>
<arguments>
<arg>id:start</arg>
<arg>value="03-06"</arg>
</arguments>
<msg timestamp="20210305 11:39:40.937" level="INFO">Typing text 'value="03-06"' into text field 'id:start'.</msg>
<status status="PASS" starttime="20210305 11:39:40.937" endtime="20210305 11:39:41.053"></status>
</kw>
<kw name="Input Text" library="SeleniumLibrary">
<doc>Types the given ``text`` into the text field identified by ``locator``.</doc>
<arguments>
<arg>id:end</arg>
<arg>value="03-10"</arg>
</arguments>
<msg timestamp="20210305 11:39:41.053" level="INFO">Typing text 'value="03-10"' into text field 'id:end'.</msg>
<status status="PASS" starttime="20210305 11:39:41.053" endtime="20210305 11:39:41.171"></status>
</kw>
<status status="PASS" starttime="20210305 11:39:40.937" endtime="20210305 11:39:41.171"></status>
</kw>
<kw name="Submit search" library="keywords">
<kw name="Press Keys" library="SeleniumLibrary">
<doc>Simulates the user pressing key(s) to an element or on the active browser.</doc>
<arguments>
<arg>xpath://*[@id="continue"]</arg>
<arg>RETURN</arg>
</arguments>
<msg timestamp="20210305 11:39:41.174" level="INFO">Sending key(s) ('RETURN',) to xpath://*[@id="continue"] element.</msg>
<msg timestamp="20210305 11:39:41.943" level="INFO">Pressing special key RETURN to element.</msg>
<msg timestamp="20210305 11:39:41.943" level="INFO">Releasing special key RETURN.</msg>
<status status="PASS" starttime="20210305 11:39:41.173" endtime="20210305 11:39:41.949"></status>
</kw>
<status status="PASS" starttime="20210305 11:39:41.172" endtime="20210305 11:39:41.949"></status>
</kw>
<kw name="Confirm date search" library="keywords">
<kw name="Wait Until Page Contains" library="SeleniumLibrary">
<doc>Waits until ``text`` appears on the current page.</doc>
<arguments>
<arg>Selected trip dates: 2021-03-06 – 2021-03-10</arg>
</arguments>
<status status="PASS" starttime="20210305 11:39:41.950" endtime="20210305 11:39:41.957"></status>
</kw>
<status status="PASS" starttime="20210305 11:39:41.949" endtime="20210305 11:39:41.957"></status>
</kw>
<status status="PASS" starttime="20210305 11:39:40.936" endtime="20210305 11:39:41.957"></status>
</kw>
<kw name="Specify car search" library="keywords">
<kw name="Select car model" library="keywords">
<kw name="Click Button" library="SeleniumLibrary">
<doc>Clicks the button identified by ``locator``.</doc>
<arguments>
<arg>xpath://*[@id="ms-list-1"]/button</arg>
</arguments>
<msg timestamp="20210305 11:39:41.958" level="INFO">Clicking button 'xpath://*[@id="ms-list-1"]/button'.</msg>
<status status="PASS" starttime="20210305 11:39:41.958" endtime="20210305 11:39:42.018"></status>
</kw>
<kw name="Click Button" library="SeleniumLibrary">
<doc>Clicks the button identified by ``locator``.</doc>
<arguments>
<arg>xpath://*[@id="ms-opt-3"]</arg>
</arguments>
<msg timestamp="20210305 11:39:42.019" level="INFO">Clicking button 'xpath://*[@id="ms-opt-3"]'.</msg>
<status status="PASS" starttime="20210305 11:39:42.018" endtime="20210305 11:39:42.069"></status>
</kw>
<status status="PASS" starttime="20210305 11:39:41.958" endtime="20210305 11:39:42.069"></status>
</kw>
<kw name="Select number of passengers" library="keywords">
<kw name="Click Button" library="SeleniumLibrary">
<doc>Clicks the button identified by ``locator``.</doc>
<arguments>
<arg>xpath://*[@id="ms-list-2"]/button</arg>
</arguments>
<msg timestamp="20210305 11:39:42.070" level="INFO">Clicking button 'xpath://*[@id="ms-list-2"]/button'.</msg>
<status status="PASS" starttime="20210305 11:39:42.069" endtime="20210305 11:39:42.120"></status>
</kw>
<kw name="Click Button" library="SeleniumLibrary">
<doc>Clicks the button identified by ``locator``.</doc>
<arguments>
<arg>xpath://*[@id="ms-opt-8"]</arg>
</arguments>
<msg timestamp="20210305 11:39:42.120" level="INFO">Clicking button 'xpath://*[@id="ms-opt-8"]'.</msg>
<status status="PASS" starttime="20210305 11:39:42.120" endtime="20210305 11:39:42.170"></status>
</kw>
<status status="PASS" starttime="20210305 11:39:42.069" endtime="20210305 11:39:42.171"></status>
</kw>
<status status="PASS" starttime="20210305 11:39:41.958" endtime="20210305 11:39:42.171"></status>
</kw>
<doc>Select specific car model and number of passengers</doc>
<tags>
<tag>Test 3</tag>
</tags>
<status status="PASS" starttime="20210305 11:39:40.705" endtime="20210305 11:39:42.172" critical="yes"></status>
</test>
<kw name="End web test" library="keywords" type="teardown">
<kw name="Close Browser" library="SeleniumLibrary">
<doc>Closes the current browser.</doc>
<status status="PASS" starttime="20210305 11:39:42.175" endtime="20210305 11:39:44.259"></status>
</kw>
<status status="PASS" starttime="20210305 11:39:42.175" endtime="20210305 11:39:44.259"></status>
</kw>
<doc>Suite description</doc>
<status status="PASS" starttime="20210305 11:39:36.773" endtime="20210305 11:39:44.259"></status>
</suite>
<status status="PASS" starttime="20210305 11:39:36.749" endtime="20210305 11:39:44.265"></status>
</suite>
<statistics>
<total>
<stat pass="3" fail="0">Critical Tests</stat>
<stat pass="3" fail="0">All Tests</stat>
</total>
<tag>
<stat pass="1" fail="0">Test 1</stat>
<stat pass="1" fail="0">Test 2</stat>
<stat pass="1" fail="0">Test 3</stat>
</tag>
<suite>
<stat pass="3" fail="0" id="s1" name="Tests">Tests</stat>
<stat pass="3" fail="0" id="s1-s1" name="infotivTest">Tests.infotivTest</stat>
</suite>
</statistics>
<errors>
</errors>
</robot>
